TN:
SF:app\admins.js
FN:62,checkIfEmailInString
FNF:1
FNH:0
FNDA:0,checkIfEmailInString
DA:1,1
DA:2,1
DA:3,1
DA:4,1
DA:5,1
DA:6,1
DA:7,1
DA:8,0
DA:9,0
DA:10,0
DA:11,0
DA:12,0
DA:13,0
DA:14,0
DA:15,0
DA:16,0
DA:17,0
DA:18,0
DA:19,0
DA:20,1
DA:21,1
DA:22,1
DA:23,0
DA:24,0
DA:25,0
DA:26,0
DA:27,0
DA:28,0
DA:29,0
DA:30,0
DA:31,0
DA:32,0
DA:33,0
DA:34,0
DA:35,0
DA:36,0
DA:37,0
DA:38,0
DA:39,0
DA:40,1
DA:41,1
DA:42,1
DA:43,0
DA:44,0
DA:45,0
DA:46,0
DA:47,0
DA:48,0
DA:49,0
DA:50,0
DA:51,0
DA:52,0
DA:53,0
DA:54,0
DA:55,0
DA:56,0
DA:57,1
DA:58,1
DA:59,1
DA:60,1
DA:61,1
DA:62,0
DA:63,0
DA:64,0
DA:65,0
DA:66,0
DA:67,1
DA:68,1
DA:69,1
DA:70,1
LF:70
LH:22
BRF:0
BRH:0
end_of_record
TN:
SF:app\app.js
FNF:0
FNH:0
DA:1,1
DA:2,1
DA:3,1
DA:4,1
DA:5,1
DA:6,1
DA:7,1
DA:8,1
DA:9,1
DA:10,1
DA:11,1
DA:12,1
DA:13,1
DA:14,1
DA:15,1
DA:16,1
DA:17,1
DA:18,1
DA:19,1
DA:20,1
DA:21,1
DA:22,1
DA:23,1
DA:24,1
DA:25,1
DA:26,1
DA:27,17
DA:28,17
DA:29,17
DA:30,1
DA:31,1
DA:32,1
DA:33,1
DA:34,1
DA:35,1
DA:36,1
DA:37,1
DA:38,1
DA:39,1
DA:40,1
DA:41,1
DA:42,1
DA:43,1
DA:44,1
DA:45,1
DA:46,1
DA:47,1
DA:48,1
DA:49,1
DA:50,1
DA:51,0
DA:52,0
DA:53,1
DA:54,1
DA:55,1
LF:55
LH:53
BRDA:26,0,0,17
BRF:1
BRH:1
end_of_record
TN:
SF:app\authentication.js
FNF:0
FNH:0
DA:1,1
DA:2,1
DA:3,1
DA:4,1
DA:5,1
DA:6,1
DA:7,1
DA:8,1
DA:9,1
DA:10,1
DA:11,1
DA:12,0
DA:13,0
DA:14,0
DA:15,0
DA:16,0
DA:17,0
DA:18,0
DA:19,0
DA:20,0
DA:21,0
DA:22,0
DA:23,0
DA:24,0
DA:25,0
DA:26,0
DA:27,0
DA:28,0
DA:29,0
DA:30,0
DA:31,0
DA:32,0
DA:33,0
DA:34,0
DA:35,0
DA:36,0
DA:37,0
DA:38,0
DA:39,0
DA:40,0
DA:41,0
DA:42,0
DA:43,0
DA:44,0
DA:45,0
DA:46,0
DA:47,0
DA:48,0
DA:49,0
DA:50,0
DA:51,0
DA:52,0
DA:53,0
DA:54,0
DA:55,0
DA:56,0
DA:57,0
DA:58,1
DA:59,1
DA:60,1
DA:61,1
DA:62,1
LF:62
LH:16
BRF:0
BRH:0
end_of_record
TN:
SF:app\authenticationAdmin.js
FNF:0
FNH:0
DA:1,1
DA:2,1
DA:3,1
DA:4,1
DA:5,1
DA:6,1
DA:7,1
DA:8,1
DA:9,1
DA:10,1
DA:11,1
DA:12,3
DA:13,3
DA:14,3
DA:15,3
DA:16,3
DA:17,3
DA:18,3
DA:19,1
DA:20,1
DA:21,1
DA:22,1
DA:23,2
DA:24,2
DA:25,3
DA:26,1
DA:27,1
DA:28,1
DA:29,1
DA:30,1
DA:31,1
DA:32,1
DA:33,1
DA:34,1
DA:35,1
DA:36,1
DA:37,1
DA:38,1
DA:39,1
DA:40,1
DA:41,1
DA:42,1
DA:43,1
DA:44,1
DA:45,1
DA:46,1
DA:47,1
DA:48,1
DA:49,1
DA:50,1
DA:51,1
DA:52,1
DA:53,1
DA:54,1
DA:55,1
DA:56,1
DA:57,1
DA:58,1
DA:59,1
DA:60,1
LF:60
LH:60
BRDA:11,0,0,3
BRDA:18,1,0,1
BRDA:22,2,0,2
BRDA:25,3,0,1
BRF:4
BRH:4
end_of_record
TN:
SF:app\tokenChecker.js
FN:3,tokenChecker
FNF:1
FNH:0
FNDA:0,tokenChecker
DA:1,1
DA:2,1
DA:3,1
DA:4,0
DA:5,0
DA:6,0
DA:7,0
DA:8,0
DA:9,0
DA:10,0
DA:11,0
DA:12,0
DA:13,0
DA:14,0
DA:15,0
DA:16,0
DA:17,0
DA:18,0
DA:19,0
DA:20,0
DA:21,0
DA:22,0
DA:23,0
DA:24,0
DA:25,0
DA:26,0
DA:27,0
DA:28,0
DA:29,0
DA:30,0
DA:31,1
DA:32,1
LF:32
LH:5
BRF:0
BRH:0
end_of_record
TN:
SF:app\users.js
FN:149,checkNome
FN:156,checkTelefonoValid
FN:165,checkTelefonoLength
FN:172,checkIfEmailInString
FN:183,checkPasswordStrength
FN:224,checkPasswords
FN:235,checkBx
FNF:7
FNH:7
FNDA:12,checkNome
FNDA:10,checkTelefonoValid
FNDA:9,checkTelefonoLength
FNDA:11,checkIfEmailInString
FNDA:8,checkPasswordStrength
FNDA:3,checkPasswords
FNDA:2,checkBx
DA:1,1
DA:2,1
DA:3,1
DA:4,1
DA:5,1
DA:6,1
DA:7,1
DA:8,1
DA:9,1
DA:10,1
DA:11,0
DA:12,0
DA:13,0
DA:14,0
DA:15,0
DA:16,0
DA:17,0
DA:18,0
DA:19,0
DA:20,0
DA:21,0
DA:22,1
DA:23,1
DA:24,1
DA:25,1
DA:26,1
DA:27,1
DA:28,1
DA:29,1
DA:30,1
DA:31,1
DA:32,1
DA:33,1
DA:34,1
DA:35,1
DA:36,1
DA:37,1
DA:38,1
DA:39,1
DA:40,1
DA:41,1
DA:42,1
DA:43,1
DA:44,1
DA:45,1
DA:46,1
DA:47,1
DA:48,1
DA:49,1
DA:50,1
DA:51,1
DA:52,1
DA:53,1
DA:54,1
DA:55,1
DA:56,1
DA:57,1
DA:58,1
DA:59,1
DA:60,1
DA:61,1
DA:62,1
DA:63,1
DA:64,1
DA:65,1
DA:66,1
DA:67,1
DA:68,1
DA:69,1
DA:70,1
DA:71,1
DA:72,1
DA:73,1
DA:74,1
DA:75,1
DA:76,1
DA:77,1
DA:78,1
DA:79,1
DA:80,1
DA:81,12
DA:82,12
DA:83,12
DA:84,12
DA:85,12
DA:86,12
DA:87,12
DA:88,12
DA:89,12
DA:90,12
DA:91,12
DA:92,12
DA:93,0
DA:94,0
DA:95,0
DA:96,12
DA:97,12
DA:98,12
DA:99,1
DA:100,1
DA:101,11
DA:102,12
DA:103,1
DA:104,1
DA:105,10
DA:106,12
DA:107,1
DA:108,1
DA:109,9
DA:110,12
DA:111,1
DA:112,1
DA:113,8
DA:114,12
DA:115,5
DA:116,5
DA:117,3
DA:118,12
DA:119,1
DA:120,1
DA:121,2
DA:122,12
DA:123,1
DA:124,1
DA:125,1
DA:126,1
DA:127,1
DA:128,1
DA:129,12
DA:130,0
DA:131,0
DA:132,1
DA:133,1
DA:134,1
DA:135,1
DA:136,1
DA:137,1
DA:138,0
DA:139,0
DA:140,0
DA:141,0
DA:142,0
DA:143,0
DA:144,0
DA:145,0
DA:146,0
DA:147,1
DA:148,1
DA:149,12
DA:150,12
DA:151,1
DA:152,1
DA:153,11
DA:154,11
DA:155,1
DA:156,1
DA:157,10
DA:158,10
DA:159,1
DA:160,1
DA:161,9
DA:162,9
DA:163,9
DA:164,1
DA:165,9
DA:166,9
DA:167,1
DA:168,1
DA:169,8
DA:170,8
DA:171,1
DA:172,11
DA:173,11
DA:174,11
DA:175,1
DA:176,1
DA:177,10
DA:178,10
DA:179,1
DA:180,1
DA:181,1
DA:182,1
DA:183,8
DA:184,8
DA:185,8
DA:186,8
DA:187,8
DA:188,8
DA:189,8
DA:190,4
DA:191,4
DA:192,4
DA:193,4
DA:194,8
DA:195,8
DA:196,8
DA:197,6
DA:198,8
DA:199,2
DA:200,2
DA:201,8
DA:202,8
DA:203,8
DA:204,7
DA:205,8
DA:206,1
DA:207,1
DA:208,8
DA:209,8
DA:210,8
DA:211,4
DA:212,4
DA:213,4
DA:214,4
DA:215,8
DA:216,8
DA:217,8
DA:218,3
DA:219,3
DA:220,5
DA:221,5
DA:222,5
DA:223,1
DA:224,1
DA:225,3
DA:226,1
DA:227,1
DA:228,1
DA:229,1
DA:230,1
DA:231,2
DA:232,2
DA:233,2
DA:234,1
DA:235,1
DA:236,2
DA:237,2
DA:238,2
DA:239,2
DA:240,2
DA:241,1
DA:242,1
LF:242
LH:217
BRDA:24,0,0,1
BRDA:29,1,0,0
BRDA:33,2,0,1
BRDA:45,3,0,1
BRDA:80,4,0,12
BRDA:92,5,0,0
BRDA:98,6,0,1
BRDA:100,7,0,11
BRDA:102,8,0,1
BRDA:104,9,0,10
BRDA:106,10,0,1
BRDA:108,11,0,9
BRDA:110,12,0,1
BRDA:112,13,0,8
BRDA:114,14,0,5
BRDA:116,15,0,3
BRDA:118,16,0,1
BRDA:120,17,0,2
BRDA:122,18,0,1
BRDA:129,19,0,0
BRDA:131,20,0,1
BRDA:149,21,0,12
BRDA:150,22,0,1
BRDA:152,23,0,11
BRDA:156,24,0,10
BRDA:158,25,0,9
BRDA:158,26,0,9
BRDA:158,27,0,1
BRDA:160,28,0,9
BRDA:165,29,0,9
BRDA:166,30,0,1
BRDA:168,31,0,8
BRDA:172,32,0,11
BRDA:174,33,0,1
BRDA:176,34,0,10
BRDA:183,35,0,8
BRDA:189,36,0,4
BRDA:196,37,0,6
BRDA:198,38,0,2
BRDA:203,39,0,7
BRDA:205,40,0,1
BRDA:210,41,0,4
BRDA:217,42,0,3
BRDA:219,43,0,5
BRDA:224,44,0,3
BRDA:225,45,0,1
BRDA:230,46,0,2
BRDA:235,47,0,2
BRF:48
BRH:45
end_of_record
TN:
SF:app\models\admin.js
FN:35,Object.<anonymous>.adminSchema.methods.isPasswordMatched
FNF:1
FNH:0
FNDA:0,Object.<anonymous>.adminSchema.methods.isPasswordMatched
DA:1,1
DA:2,1
DA:3,1
DA:4,1
DA:5,1
DA:6,1
DA:7,1
DA:8,1
DA:9,1
DA:10,1
DA:11,1
DA:12,1
DA:13,1
DA:14,1
DA:15,1
DA:16,1
DA:17,1
DA:18,1
DA:19,1
DA:20,1
DA:21,1
DA:22,1
DA:23,1
DA:24,1
DA:25,1
DA:26,1
DA:27,1
DA:28,1
DA:29,0
DA:30,0
DA:31,0
DA:32,1
DA:33,1
DA:34,1
DA:35,1
DA:36,0
DA:37,0
DA:38,0
DA:39,1
DA:40,1
DA:41,1
LF:41
LH:35
BRF:0
BRH:0
end_of_record
TN:
SF:app\models\user.js
FNF:0
FNH:0
DA:1,1
DA:2,1
DA:3,1
DA:4,1
DA:5,1
DA:6,1
DA:7,1
DA:8,1
DA:9,1
DA:10,1
DA:11,1
DA:12,1
DA:13,1
DA:14,1
DA:15,1
DA:16,1
DA:17,1
DA:18,1
DA:19,1
DA:20,1
DA:21,1
DA:22,1
DA:23,1
DA:24,1
DA:25,1
DA:26,1
DA:27,1
DA:28,1
DA:29,1
DA:30,1
DA:31,1
DA:32,1
DA:33,1
DA:34,1
DA:35,1
DA:36,1
DA:37,1
DA:38,1
DA:39,1
DA:40,1
DA:41,1
DA:42,1
DA:43,1
DA:44,1
DA:45,1
DA:46,1
DA:47,1
DA:48,1
DA:49,1
LF:49
LH:49
BRF:0
BRH:0
end_of_record
